<?xml version="1.0" encoding="UTF-8"?>
<Site BuildName="Linux-cc"
	BuildStamp="20230809-0940-Experimental"
	Name="chamod-VivoBook-ASUSLaptop-X513EP-X513EP"
	Generator="ctest-3.22.1"
	CompilerName=""
	CompilerVersion=""
	OSName="Linux"
	Hostname="chamod-VivoBook-ASUSLaptop-X513EP-X513EP"
	OSRelease="6.2.0-26-generic"
	OSVersion="#26~22.04.1-Ubuntu SMP PREEMPT_DYNAMIC Thu Jul 13 16:27:29 UTC 2"
	OSPlatform="x86_64"
	Is64Bits="1"
	VendorString="GenuineIntel"
	VendorID="Intel Corporation"
	FamilyID="6"
	ModelID="140"
	ProcessorCacheSize="12288"
	NumberOfLogicalCPU="8"
	NumberOfPhysicalCPU="4"
	TotalVirtualMemory="3814"
	TotalPhysicalMemory="7615"
	LogicalProcessorsPerPhysical="2"
	ProcessorClockFrequency="1656.99"
	>
	<Testing>
		<StartDateTime>Aug 09 18:25 +0530</StartDateTime>
		<StartTestTime>1691585753</StartTestTime>
		<TestList/>
		<EndDateTime>Aug 09 18:25 +0530</EndDateTime>
		<EndTestTime>1691585753</EndTestTime>
		<ElapsedMinutes>0</ElapsedMinutes>
	</Testing>
</Site>
